0 info it worked if it ends with ok
1 verbose cli [ 'node', '/usr/local/bin/npm', 'install', '-g', 'meteorite' ]
2 info using npm@2.7.5
3 info using node@v0.12.2
4 verbose node symlink /usr/local/bin/node
5 silly cache add args [ 'meteorite', null ]
6 verbose cache add spec meteorite
7 silly cache add parsed spec { raw: 'meteorite',
7 silly cache add   scope: null,
7 silly cache add   name: 'meteorite',
7 silly cache add   rawSpec: '',
7 silly cache add   spec: '*',
7 silly cache add   type: 'range' }
8 verbose addNamed meteorite@*
9 silly addNamed semver.valid null
10 silly addNamed semver.validRange *
11 silly addNameRange { name: 'meteorite', range: '*', hasData: false }
12 silly mapToRegistry name meteorite
13 silly mapToRegistry using default registry
14 silly mapToRegistry registry https://registry.npmjs.org/
15 silly mapToRegistry uri https://registry.npmjs.org/meteorite
16 verbose addNameRange registry:https://registry.npmjs.org/meteorite not in flight; fetching
17 verbose request uri https://registry.npmjs.org/meteorite
18 verbose request no auth needed
19 info attempt registry request try #1 at 13:42:18
20 verbose request id a842bbde5840d9c7
21 verbose etag "5CBL6OVRWKRCJNLV1X7BJ7CUK"
22 http request GET https://registry.npmjs.org/meteorite
23 http 200 https://registry.npmjs.org/meteorite
24 silly get cb [ 200,
24 silly get   { server: 'CouchDB/1.5.0 (Erlang OTP/R16B03)',
24 silly get     etag: '"D5T967RGDDA3DTVTBQ78I6P3U"',
24 silly get     'content-type': 'application/json',
24 silly get     'cache-control': 'max-age=60',
24 silly get     'content-length': '92244',
24 silly get     'accept-ranges': 'bytes',
24 silly get     date: 'Sun, 10 May 2015 03:42:17 GMT',
24 silly get     via: '1.1 varnish',
24 silly get     age: '0',
24 silly get     connection: 'keep-alive',
24 silly get     'x-served-by': 'cache-syd1625-SYD',
24 silly get     'x-cache': 'MISS',
24 silly get     'x-cache-hits': '0',
24 silly get     'x-timer': 'S1431229336.527019,VS0,VE913',
24 silly get     vary: 'Accept' } ]
25 verbose get saving meteorite to /Users/hphuongbui/.npm/registry.npmjs.org/meteorite/.cache.json
26 silly addNameRange number 2 { name: 'meteorite', range: '*', hasData: true }
27 silly addNameRange versions [ 'meteorite',
27 silly addNameRange   [ '0.0.1',
27 silly addNameRange     '0.0.2',
27 silly addNameRange     '0.0.3',
27 silly addNameRange     '0.0.4',
27 silly addNameRange     '0.0.5',
27 silly addNameRange     '0.0.6',
27 silly addNameRange     '0.0.7',
27 silly addNameRange     '0.0.8',
27 silly addNameRange     '0.0.9',
27 silly addNameRange     '0.0.10',
27 silly addNameRange     '0.0.11',
27 silly addNameRange     '0.0.12',
27 silly addNameRange     '0.0.13',
27 silly addNameRange     '0.0.14',
27 silly addNameRange     '0.0.15',
27 silly addNameRange     '0.0.16',
27 silly addNameRange     '0.0.17',
27 silly addNameRange     '0.0.18',
27 silly addNameRange     '0.0.19',
27 silly addNameRange     '0.1.0',
27 silly addNameRange     '0.1.1',
27 silly addNameRange     '0.2.0',
27 silly addNameRange     '0.2.1',
27 silly addNameRange     '0.2.2',
27 silly addNameRange     '0.3.0',
27 silly addNameRange     '0.3.1',
27 silly addNameRange     '0.3.3',
27 silly addNameRange     '0.4.0',
27 silly addNameRange     '0.4.1',
27 silly addNameRange     '0.4.2',
27 silly addNameRange     '0.4.3',
27 silly addNameRange     '0.4.4',
27 silly addNameRange     '0.4.5',
27 silly addNameRange     '0.4.6',
27 silly addNameRange     '0.4.7',
27 silly addNameRange     '0.4.8',
27 silly addNameRange     '0.4.9',
27 silly addNameRange     '0.5.0',
27 silly addNameRange     '0.5.1',
27 silly addNameRange     '0.6.0',
27 silly addNameRange     '0.6.1',
27 silly addNameRange     '0.6.2',
27 silly addNameRange     '0.6.3',
27 silly addNameRange     '0.6.4',
27 silly addNameRange     '0.6.5',
27 silly addNameRange     '0.6.6',
27 silly addNameRange     '0.6.7',
27 silly addNameRange     '0.6.8',
27 silly addNameRange     '0.6.9',
27 silly addNameRange     '0.6.10',
27 silly addNameRange     '0.6.11',
27 silly addNameRange     '0.6.12',
27 silly addNameRange     '0.6.13',
27 silly addNameRange     '0.6.14',
27 silly addNameRange     '0.6.15',
27 silly addNameRange     '0.6.16',
27 silly addNameRange     '0.7.0',
27 silly addNameRange     '0.7.1',
27 silly addNameRange     '0.7.2',
27 silly addNameRange     '0.7.3',
27 silly addNameRange     '0.7.4',
27 silly addNameRange     '0.7.5',
27 silly addNameRange     '0.7.6',
27 silly addNameRange     '0.7.7',
27 silly addNameRange     '0.7.8',
27 silly addNameRange     '0.9.0',
27 silly addNameRange     '0.9.1',
27 silly addNameRange     '0.9.2',
27 silly addNameRange     '0.9.3' ] ]
28 verbose addNamed meteorite@0.9.3
29 silly addNamed semver.valid 0.9.3
30 silly addNamed semver.validRange 0.9.3
31 silly mapToRegistry name meteorite
32 silly mapToRegistry using default registry
33 silly mapToRegistry registry https://registry.npmjs.org/
34 silly mapToRegistry uri https://registry.npmjs.org/meteorite
35 verbose addRemoteTarball https://registry.npmjs.org/meteorite/-/meteorite-0.9.3.tgz not in flight; adding
36 verbose addRemoteTarball [ 'https://registry.npmjs.org/meteorite/-/meteorite-0.9.3.tgz',
36 verbose addRemoteTarball   '26dfe87ce9fca73d41057b908987c6e14942a346' ]
37 info retry fetch attempt 1 at 13:42:19
38 info attempt registry request try #1 at 13:42:19
39 http fetch GET https://registry.npmjs.org/meteorite/-/meteorite-0.9.3.tgz
40 http fetch 200 https://registry.npmjs.org/meteorite/-/meteorite-0.9.3.tgz
41 silly fetchAndShaCheck shasum 26dfe87ce9fca73d41057b908987c6e14942a346
42 verbose addTmpTarball /var/folders/py/1v74pw6905q_6q7np02lwtgr0000gn/T/npm-15335-59cbb3ca/registry.npmjs.org/meteorite/-/meteorite-0.9.3.tgz not in flight; adding
43 verbose addTmpTarball already have metadata; skipping unpack for meteorite@0.9.3
44 silly cache afterAdd meteorite@0.9.3
45 verbose afterAdd /Users/hphuongbui/.npm/meteorite/0.9.3/package/package.json not in flight; writing
46 verbose afterAdd /Users/hphuongbui/.npm/meteorite/0.9.3/package/package.json written
47 silly install resolved [ { name: 'meteorite',
47 silly install resolved     version: '0.9.3',
47 silly install resolved     homepage: 'http://oortcloud.github.com/meteorite',
47 silly install resolved     engines: [ 'node >=0.8.0' ],
47 silly install resolved     description: 'Installer & smart package manager for Meteor',
47 silly install resolved     author:
47 silly install resolved      { name: 'Tom Coleman',
47 silly install resolved        email: 'tom@percolatestudio.com',
47 silly install resolved        url: 'http://percolatestudio.com' },
47 silly install resolved     dependencies:
47 silly install resolved      { ddp: '>=0.3.1 <0.5.0',
47 silly install resolved        underscore: '1.3.3',
47 silly install resolved        wrench: '1.3.9',
47 silly install resolved        fstream: '>=0.1.18',
47 silly install resolved        optimist: '>=0.3.4',
47 silly install resolved        prompt: '0.2.11',
47 silly install resolved        colors: '0.6.0-1',
47 silly install resolved        async: '0.2.9',
47 silly install resolved        rolling_timeout_exec: '>=0.0.1' },
47 silly install resolved     devDependencies: { mocha: '>=1.2.2', connect: '>=2.3.6', which: '>=1.0.5' },
47 silly install resolved     scripts:
47 silly install resolved      { test: 'mocha spec/unit spec/acceptance -t 240000 -R spec',
47 silly install resolved        flushcache: 'rm -rf spec/support/cache',
47 silly install resolved        postinstall: 'sh ./completions/postinstall.sh' },
47 silly install resolved     repository:
47 silly install resolved      { type: 'git',
47 silly install resolved        url: 'https://github.com/oortcloud/meteorite.git' },
47 silly install resolved     bin: { mrt: './bin/mrt.js' },
47 silly install resolved     gitHead: '35e8d5ee9df33b749527c413b28a4fee73273eae',
47 silly install resolved     bugs: { url: 'https://github.com/oortcloud/meteorite/issues' },
47 silly install resolved     _id: 'meteorite@0.9.3',
47 silly install resolved     _shasum: '26dfe87ce9fca73d41057b908987c6e14942a346',
47 silly install resolved     _from: 'meteorite@*',
47 silly install resolved     _npmVersion: '2.1.6',
47 silly install resolved     _nodeVersion: '0.10.33',
47 silly install resolved     _npmUser: { name: 'tmeasday', email: 'tom@percolatestudio.com' },
47 silly install resolved     maintainers: [ [Object], [Object] ],
47 silly install resolved     dist:
47 silly install resolved      { shasum: '26dfe87ce9fca73d41057b908987c6e14942a346',
47 silly install resolved        tarball: 'http://registry.npmjs.org/meteorite/-/meteorite-0.9.3.tgz' },
47 silly install resolved     directories: {},
47 silly install resolved     _resolved: 'https://registry.npmjs.org/meteorite/-/meteorite-0.9.3.tgz' } ]
48 info install meteorite@0.9.3 into /usr/local/lib
49 info installOne meteorite@0.9.3
50 verbose installOne of meteorite to /usr/local/lib not in flight; installing
51 warn locking Error: EACCES, open '/Users/hphuongbui/.npm/_locks/meteorite-8fc49c16f8e081ba.lock'
51 warn locking     at Error (native)
51 warn locking  /Users/hphuongbui/.npm/_locks/meteorite-8fc49c16f8e081ba.lock failed { [Error: EACCES, open '/Users/hphuongbui/.npm/_locks/meteorite-8fc49c16f8e081ba.lock']
51 warn locking   errno: -13,
51 warn locking   code: 'EACCES',
51 warn locking   path: '/Users/hphuongbui/.npm/_locks/meteorite-8fc49c16f8e081ba.lock' }
52 verbose stack Error: Attempt to unlock /usr/local/lib/node_modules/meteorite, which hasn't been locked
52 verbose stack     at unlock (/usr/local/lib/node_modules/npm/lib/utils/locker.js:66:11)
52 verbose stack     at cb (/usr/local/lib/node_modules/npm/lib/install.js:1004:5)
52 verbose stack     at /usr/local/lib/node_modules/npm/lib/install.js:1008:20
52 verbose stack     at /usr/local/lib/node_modules/npm/lib/utils/locker.js:40:9
52 verbose stack     at cb (/usr/local/lib/node_modules/npm/node_modules/lockfile/lockfile.js:149:38)
52 verbose stack     at /usr/local/lib/node_modules/npm/node_modules/lockfile/lockfile.js:177:38
52 verbose stack     at FSReqWrap.oncomplete (fs.js:95:15)
53 verbose cwd /Users/hphuongbui/Project/meteor/RadioActivity
54 error Darwin 14.3.0
55 error argv "node" "/usr/local/bin/npm" "install" "-g" "meteorite"
56 error node v0.12.2
57 error npm  v2.7.5
58 error Attempt to unlock /usr/local/lib/node_modules/meteorite, which hasn't been locked
59 error If you need help, you may report this error at:
59 error     <https://github.com/npm/npm/issues>
60 verbose exit [ 1, true ]
